{"contracts/NftMarketplace.sol":{"l":{"51":14,"52":14,"53":1,"55":13,"61":17,"62":17,"63":17,"64":1,"66":16,"71":10,"72":10,"73":2,"75":8,"102":13,"103":1,"108":12,"109":12,"110":1,"112":11,"113":11,"118":4,"119":4,"120":2,"122":2,"123":2,"124":2,"125":2,"131":1,"132":1,"142":2,"143":1,"145":1,"146":1,"150":2,"151":2,"152":1,"154":1,"155":1,"156":1,"157":0,"166":2,"170":2},"path":"/Users/prince-mac/Desktop/Blockchain/hardhat-nft-marketplace/contracts/NftMarketplace.sol","s":{"1":14,"2":14,"3":17,"4":17,"5":17,"6":10,"7":10,"8":13,"9":12,"10":12,"11":11,"12":4,"13":4,"14":2,"15":2,"16":1,"17":2,"18":1,"19":2,"20":2,"21":1,"22":1,"23":2,"24":2},"b":{"1":[1,13],"2":[1,16],"3":[2,8],"4":[13,1],"5":[13,0],"6":[1,12],"7":[1,11],"8":[5,0],"9":[4,1],"10":[2,2],"11":[1,0],"12":[1,0],"13":[3,1],"14":[2,1],"15":[1,1],"16":[1,1],"17":[0,1]},"f":{"1":14,"2":17,"3":10,"4":13,"5":4,"6":1,"7":2,"8":2,"9":2,"10":2},"fnMap":{"1":{"name":"notListed","line":50,"loc":{"start":{"line":50,"column":4},"end":{"line":56,"column":4}}},"2":{"name":"isOwner","line":60,"loc":{"start":{"line":60,"column":4},"end":{"line":67,"column":4}}},"3":{"name":"isListed","line":69,"loc":{"start":{"line":69,"column":4},"end":{"line":76,"column":4}}},"4":{"name":"listItem","line":100,"loc":{"start":{"line":91,"column":4},"end":{"line":114,"column":4}}},"5":{"name":"buyItem","line":117,"loc":{"start":{"line":116,"column":4},"end":{"line":126,"column":8}}},"6":{"name":"cancelListing","line":130,"loc":{"start":{"line":128,"column":8},"end":{"line":133,"column":8}}},"7":{"name":"updateListing","line":141,"loc":{"start":{"line":135,"column":8},"end":{"line":147,"column":8}}},"8":{"name":"withdrawProceeds","line":149,"loc":{"start":{"line":149,"column":8},"end":{"line":159,"column":8}}},"9":{"name":"getListing","line":165,"loc":{"start":{"line":165,"column":4},"end":{"line":167,"column":4}}},"10":{"name":"getProceeds","line":169,"loc":{"start":{"line":169,"column":4},"end":{"line":171,"column":4}}}},"statementMap":{"1":{"start":{"line":51,"column":8},"end":{"line":51,"column":64}},"2":{"start":{"line":52,"column":8},"end":{"line":52,"column":1933}},"3":{"start":{"line":61,"column":8},"end":{"line":61,"column":41}},"4":{"start":{"line":62,"column":8},"end":{"line":62,"column":44}},"5":{"start":{"line":63,"column":8},"end":{"line":63,"column":2334}},"6":{"start":{"line":71,"column":8},"end":{"line":71,"column":64}},"7":{"start":{"line":72,"column":8},"end":{"line":72,"column":2613}},"8":{"start":{"line":102,"column":12},"end":{"line":102,"column":3590}},"9":{"start":{"line":108,"column":8},"end":{"line":108,"column":41}},"10":{"start":{"line":109,"column":8},"end":{"line":109,"column":3914}},"11":{"start":{"line":113,"column":8},"end":{"line":113,"column":60}},"12":{"start":{"line":118,"column":8},"end":{"line":118,"column":67}},"13":{"start":{"line":119,"column":8},"end":{"line":119,"column":4374}},"14":{"start":{"line":124,"column":8},"end":{"line":124,"column":83}},"15":{"start":{"line":125,"column":8},"end":{"line":125,"column":74}},"16":{"start":{"line":132,"column":12},"end":{"line":132,"column":60}},"17":{"start":{"line":142,"column":12},"end":{"line":142,"column":5358}},"18":{"start":{"line":146,"column":12},"end":{"line":146,"column":70}},"19":{"start":{"line":150,"column":12},"end":{"line":150,"column":53}},"20":{"start":{"line":151,"column":12},"end":{"line":151,"column":5714}},"21":{"start":{"line":155,"column":12},"end":{"line":155,"column":75}},"22":{"start":{"line":156,"column":12},"end":{"line":156,"column":5930}},"23":{"start":{"line":166,"column":8},"end":{"line":166,"column":46}},"24":{"start":{"line":170,"column":8},"end":{"line":170,"column":33}}},"branchMap":{"1":{"line":52,"type":"if","locations":[{"start":{"line":52,"column":8},"end":{"line":52,"column":8}},{"start":{"line":52,"column":8},"end":{"line":52,"column":8}}]},"2":{"line":63,"type":"if","locations":[{"start":{"line":63,"column":8},"end":{"line":63,"column":8}},{"start":{"line":63,"column":8},"end":{"line":63,"column":8}}]},"3":{"line":72,"type":"if","locations":[{"start":{"line":72,"column":8},"end":{"line":72,"column":8}},{"start":{"line":72,"column":8},"end":{"line":72,"column":8}}]},"4":{"line":99,"type":"if","locations":[{"start":{"line":99,"column":8},"end":{"line":99,"column":8}},{"start":{"line":99,"column":8},"end":{"line":99,"column":8}}]},"5":{"line":100,"type":"if","locations":[{"start":{"line":100,"column":8},"end":{"line":100,"column":8}},{"start":{"line":100,"column":8},"end":{"line":100,"column":8}}]},"6":{"line":102,"type":"if","locations":[{"start":{"line":102,"column":12},"end":{"line":102,"column":12}},{"start":{"line":102,"column":12},"end":{"line":102,"column":12}}]},"7":{"line":109,"type":"if","locations":[{"start":{"line":109,"column":8},"end":{"line":109,"column":8}},{"start":{"line":109,"column":8},"end":{"line":109,"column":8}}]},"8":{"line":116,"type":"if","locations":[{"start":{"line":116,"column":75},"end":{"line":116,"column":75}},{"start":{"line":116,"column":75},"end":{"line":116,"column":75}}]},"9":{"line":117,"type":"if","locations":[{"start":{"line":117,"column":4},"end":{"line":117,"column":4}},{"start":{"line":117,"column":4},"end":{"line":117,"column":4}}]},"10":{"line":119,"type":"if","locations":[{"start":{"line":119,"column":8},"end":{"line":119,"column":8}},{"start":{"line":119,"column":8},"end":{"line":119,"column":8}}]},"11":{"line":129,"type":"if","locations":[{"start":{"line":129,"column":8},"end":{"line":129,"column":8}},{"start":{"line":129,"column":8},"end":{"line":129,"column":8}}]},"12":{"line":130,"type":"if","locations":[{"start":{"line":130,"column":8},"end":{"line":130,"column":8}},{"start":{"line":130,"column":8},"end":{"line":130,"column":8}}]},"13":{"line":140,"type":"if","locations":[{"start":{"line":140,"column":8},"end":{"line":140,"column":8}},{"start":{"line":140,"column":8},"end":{"line":140,"column":8}}]},"14":{"line":141,"type":"if","locations":[{"start":{"line":141,"column":8},"end":{"line":141,"column":8}},{"start":{"line":141,"column":8},"end":{"line":141,"column":8}}]},"15":{"line":142,"type":"if","locations":[{"start":{"line":142,"column":12},"end":{"line":142,"column":12}},{"start":{"line":142,"column":12},"end":{"line":142,"column":12}}]},"16":{"line":151,"type":"if","locations":[{"start":{"line":151,"column":12},"end":{"line":151,"column":12}},{"start":{"line":151,"column":12},"end":{"line":151,"column":12}}]},"17":{"line":156,"type":"if","locations":[{"start":{"line":156,"column":12},"end":{"line":156,"column":12}},{"start":{"line":156,"column":12},"end":{"line":156,"column":12}}]}}},"contracts/test/BasicNft.sol":{"l":{"14":3,"18":16,"19":16,"20":16,"24":0,"25":0,"30":0},"path":"/Users/prince-mac/Desktop/Blockchain/hardhat-nft-marketplace/contracts/test/BasicNft.sol","s":{"1":16,"2":16,"3":0,"4":0,"5":0},"b":{"1":[0,0]},"f":{"1":3,"2":16,"3":0,"4":0},"fnMap":{"1":{"name":"constructor","line":13,"loc":{"start":{"line":13,"column":4},"end":{"line":15,"column":4}}},"2":{"name":"mintNft","line":17,"loc":{"start":{"line":17,"column":4},"end":{"line":21,"column":4}}},"3":{"name":"tokenURI","line":23,"loc":{"start":{"line":23,"column":4},"end":{"line":26,"column":4}}},"4":{"name":"getTokenCounter","line":29,"loc":{"start":{"line":29,"column":4},"end":{"line":31,"column":4}}}},"statementMap":{"1":{"start":{"line":18,"column":8},"end":{"line":18,"column":44}},"2":{"start":{"line":19,"column":8},"end":{"line":19,"column":38}},"3":{"start":{"line":24,"column":8},"end":{"line":24,"column":83}},"4":{"start":{"line":25,"column":8},"end":{"line":25,"column":24}},"5":{"start":{"line":30,"column":8},"end":{"line":30,"column":29}}},"branchMap":{"1":{"line":24,"type":"if","locations":[{"start":{"line":24,"column":8},"end":{"line":24,"column":8}},{"start":{"line":24,"column":8},"end":{"line":24,"column":8}}]}}}}